0 info it worked if it ends with ok
1 verbose cli [ 'node',
1 verbose cli   '/usr/local/bin/npm',
1 verbose cli   'install',
1 verbose cli   'parse-js-sdk',
1 verbose cli   '--save' ]
2 info using npm@2.13.2
3 info using node@v0.12.3
4 verbose install initial load of /Users/chris/Documents/PennApps/adamant-weasel/package.json
5 warn package.json paprojectteacher@0.0.0 No description
6 warn package.json paprojectteacher@0.0.0 No repository field.
7 warn package.json paprojectteacher@0.0.0 No README data
8 warn package.json paprojectteacher@0.0.0 No license field.
9 verbose installManyTop reading scoped package data from /Users/chris/Documents/PennApps/adamant-weasel/node_modules/apache-server-configs/package.json
10 verbose installManyTop reading scoped package data from /Users/chris/Documents/PennApps/adamant-weasel/node_modules/bower/package.json
11 verbose installManyTop reading scoped package data from /Users/chris/Documents/PennApps/adamant-weasel/node_modules/connect-livereload/package.json
12 verbose installManyTop reading scoped package data from /Users/chris/Documents/PennApps/adamant-weasel/node_modules/grunt/package.json
13 verbose installManyTop reading scoped package data from /Users/chris/Documents/PennApps/adamant-weasel/node_modules/grunt-bower-requirejs/package.json
14 verbose installManyTop reading scoped package data from /Users/chris/Documents/PennApps/adamant-weasel/node_modules/grunt-contrib-clean/package.json
15 verbose installManyTop reading scoped package data from /Users/chris/Documents/PennApps/adamant-weasel/node_modules/grunt-contrib-concat/package.json
16 verbose installManyTop reading scoped package data from /Users/chris/Documents/PennApps/adamant-weasel/node_modules/grunt-contrib-connect/package.json
17 verbose installManyTop reading scoped package data from /Users/chris/Documents/PennApps/adamant-weasel/node_modules/grunt-contrib-copy/package.json
18 verbose installManyTop reading scoped package data from /Users/chris/Documents/PennApps/adamant-weasel/node_modules/grunt-contrib-cssmin/package.json
19 verbose installManyTop reading scoped package data from /Users/chris/Documents/PennApps/adamant-weasel/node_modules/grunt-contrib-htmlmin/package.json
20 verbose installManyTop reading scoped package data from /Users/chris/Documents/PennApps/adamant-weasel/node_modules/grunt-contrib-imagemin/package.json
21 verbose installManyTop reading scoped package data from /Users/chris/Documents/PennApps/adamant-weasel/node_modules/grunt-contrib-jshint/package.json
22 verbose installManyTop reading scoped package data from /Users/chris/Documents/PennApps/adamant-weasel/node_modules/grunt-contrib-jst/package.json
23 verbose installManyTop reading scoped package data from /Users/chris/Documents/PennApps/adamant-weasel/node_modules/grunt-contrib-uglify/package.json
24 verbose installManyTop reading scoped package data from /Users/chris/Documents/PennApps/adamant-weasel/node_modules/grunt-contrib-watch/package.json
25 verbose installManyTop reading scoped package data from /Users/chris/Documents/PennApps/adamant-weasel/node_modules/grunt-mocha/package.json
26 verbose installManyTop reading scoped package data from /Users/chris/Documents/PennApps/adamant-weasel/node_modules/grunt-open/package.json
27 verbose installManyTop reading scoped package data from /Users/chris/Documents/PennApps/adamant-weasel/node_modules/grunt-requirejs/package.json
28 verbose installManyTop reading scoped package data from /Users/chris/Documents/PennApps/adamant-weasel/node_modules/grunt-rev/package.json
29 verbose installManyTop reading scoped package data from /Users/chris/Documents/PennApps/adamant-weasel/node_modules/grunt-sass/package.json
30 verbose installManyTop reading scoped package data from /Users/chris/Documents/PennApps/adamant-weasel/node_modules/grunt-usemin/package.json
31 verbose installManyTop reading scoped package data from /Users/chris/Documents/PennApps/adamant-weasel/node_modules/jshint-stylish/package.json
32 verbose installManyTop reading scoped package data from /Users/chris/Documents/PennApps/adamant-weasel/node_modules/load-grunt-tasks/package.json
33 verbose installManyTop reading scoped package data from /Users/chris/Documents/PennApps/adamant-weasel/node_modules/node-sass/package.json
34 verbose installManyTop reading scoped package data from /Users/chris/Documents/PennApps/adamant-weasel/node_modules/time-grunt/package.json
35 info package.json apache-server-configs@2.14.0 license should be a valid SPDX license expression
36 info package.json grunt-contrib-clean@0.6.0 No license field.
37 info package.json connect-livereload@0.4.1 No license field.
38 info package.json grunt-contrib-concat@0.5.1 No license field.
39 info package.json grunt-contrib-cssmin@0.10.0 No license field.
40 info package.json grunt-contrib-connect@0.8.0 No license field.
41 info package.json grunt-contrib-copy@0.5.0 No license field.
42 info package.json grunt-contrib-htmlmin@0.3.0 No license field.
43 info package.json grunt-contrib-imagemin@0.9.4 No license field.
44 info package.json grunt-bower-requirejs@1.1.1 license should be a valid SPDX license expression
45 info package.json grunt@0.4.5 No license field.
46 info package.json grunt-contrib-jshint@0.10.0 No license field.
47 info package.json grunt-contrib-watch@0.6.1 No license field.
48 info package.json grunt-contrib-uglify@0.6.0 No license field.
49 info package.json grunt-contrib-jst@0.6.0 No license field.
50 info package.json grunt-requirejs@0.4.2 No license field.
51 info package.json grunt-open@0.2.3 No license field.
52 info package.json grunt-mocha@0.4.13 No license field.
53 info package.json grunt-rev@0.1.0 No license field.
54 verbose readDependencies loading dependencies from /Users/chris/Documents/PennApps/adamant-weasel/package.json
55 silly cache add args [ 'parse-js-sdk', null ]
56 verbose cache add spec parse-js-sdk
57 silly cache add parsed spec { raw: 'parse-js-sdk',
57 silly cache add   scope: null,
57 silly cache add   name: 'parse-js-sdk',
57 silly cache add   rawSpec: '',
57 silly cache add   spec: '*',
57 silly cache add   type: 'range' }
58 silly addNamed parse-js-sdk@*
59 verbose addNamed "*" is a valid semver range for parse-js-sdk
60 silly addNameRange { name: 'parse-js-sdk', range: '*', hasData: false }
61 silly mapToRegistry name parse-js-sdk
62 silly mapToRegistry using default registry
63 silly mapToRegistry registry https://registry.npmjs.org/
64 silly mapToRegistry uri https://registry.npmjs.org/parse-js-sdk
65 verbose addNameRange registry:https://registry.npmjs.org/parse-js-sdk not in flight; fetching
66 verbose request uri https://registry.npmjs.org/parse-js-sdk
67 verbose request no auth needed
68 info attempt registry request try #1 at 10:09:29 AM
69 verbose request id f99d2d4632297556
70 http request GET https://registry.npmjs.org/parse-js-sdk
71 http 404 https://registry.npmjs.org/parse-js-sdk
72 verbose headers { 'content-type': 'application/json',
72 verbose headers   'cache-control': 'max-age=0',
72 verbose headers   'content-length': '2',
72 verbose headers   'accept-ranges': 'bytes',
72 verbose headers   date: 'Sat, 05 Sep 2015 14:09:27 GMT',
72 verbose headers   via: '1.1 varnish',
72 verbose headers   age: '0',
72 verbose headers   connection: 'keep-alive',
72 verbose headers   'x-served-by': 'cache-iad2125-IAD',
72 verbose headers   'x-cache': 'MISS',
72 verbose headers   'x-cache-hits': '0',
72 verbose headers   'x-timer': 'S1441462167.450541,VS0,VE17' }
73 silly get cb [ 404,
73 silly get   { 'content-type': 'application/json',
73 silly get     'cache-control': 'max-age=0',
73 silly get     'content-length': '2',
73 silly get     'accept-ranges': 'bytes',
73 silly get     date: 'Sat, 05 Sep 2015 14:09:27 GMT',
73 silly get     via: '1.1 varnish',
73 silly get     age: '0',
73 silly get     connection: 'keep-alive',
73 silly get     'x-served-by': 'cache-iad2125-IAD',
73 silly get     'x-cache': 'MISS',
73 silly get     'x-cache-hits': '0',
73 silly get     'x-timer': 'S1441462167.450541,VS0,VE17' } ]
74 verbose stack Error: Registry returned 404 for GET on https://registry.npmjs.org/parse-js-sdk
74 verbose stack     at CachingRegistryClient.<anonymous> (/usr/local/lib/node_modules/npm/node_modules/npm-registry-client/lib/request.js:239:14)
74 verbose stack     at Request._callback (/usr/local/lib/node_modules/npm/node_modules/npm-registry-client/lib/request.js:170:14)
74 verbose stack     at Request.self.callback (/usr/local/lib/node_modules/npm/node_modules/request/request.js:197:22)
74 verbose stack     at Request.emit (events.js:110:17)
74 verbose stack     at Request.<anonymous> (/usr/local/lib/node_modules/npm/node_modules/request/request.js:1050:14)
74 verbose stack     at Request.emit (events.js:129:20)
74 verbose stack     at IncomingMessage.<anonymous> (/usr/local/lib/node_modules/npm/node_modules/request/request.js:996:12)
74 verbose stack     at IncomingMessage.emit (events.js:129:20)
74 verbose stack     at _stream_readable.js:908:16
74 verbose stack     at process._tickCallback (node.js:355:11)
75 verbose statusCode 404
76 verbose pkgid parse-js-sdk
77 verbose cwd /Users/chris/Documents/PennApps/adamant-weasel
78 error Darwin 14.5.0
79 error argv "node" "/usr/local/bin/npm" "install" "parse-js-sdk" "--save"
80 error node v0.12.3
81 error npm  v2.13.2
82 error code E404
83 error 404 Registry returned 404 for GET on https://registry.npmjs.org/parse-js-sdk
83 error 404
83 error 404 'parse-js-sdk' is not in the npm registry.
83 error 404 You should bug the author to publish it (or use the name yourself!)
83 error 404 It was specified as a dependency of 'paprojectteacher'
83 error 404
83 error 404 Note that you can also install from a
83 error 404 tarball, folder, http url, or git url.
84 verbose exit [ 1, true ]
